[2018-03-31 13:17:53] production.ERROR: PDOException: SQLSTATE[HY000] [1049] Base 'bat' inconnue in D:\wamp64\www\WEB2018-TeamDeni\batProj\app\Http\Controllers\MyPDO.class.php:46
Stack trace:
#0 D:\wamp64\www\WEB2018-TeamDeni\batProj\app\Http\Controllers\MyPDO.class.php(46): PDO->__construct('mysql:host=loca...', 'root', '', Array)
#1 D:\wamp64\www\WEB2018-TeamDeni\batProj\app\Http\Controllers\User.class.php(42): MyPDO::getInstance()
#2 D:\wamp64\www\WEB2018-TeamDeni\batProj\routes\web.php(19): User::createFromId('beflgn735kjpamc...')
#3 [internal function]: Closure->{closure}()
#4 D:\wamp64\www\WEB2018-TeamDeni\batProj\vendor\illuminate\container\BoundMethod.php(29): call_user_func_array(Object(Closure), Array)
#5 D:\wamp64\www\WEB2018-TeamDeni\batProj\vendor\illuminate\container\BoundMethod.php(75): Illuminate\Container\BoundMethod::Illuminate\Container\{closure}()
#6 D:\wamp64\www\WEB2018-TeamDeni\batProj\vendor\illuminate\container\BoundMethod.php(31): Illuminate\Container\BoundMethod::callBoundMethod(Object(Laravel\Lumen\Application), Object(Closure), Object(Closure))
#7 D:\wamp64\www\WEB2018-TeamDeni\batProj\vendor\illuminate\container\Container.php(564): Illuminate\Container\BoundMethod::call(Object(Laravel\Lumen\Application), Object(Closure), Array, NULL)
#8 D:\wamp64\www\WEB2018-TeamDeni\batProj\vendor\laravel\lumen-framework\src\Concerns\RoutesRequests.php(286): Illuminate\Container\Container->call(Object(Closure), Array)
#9 D:\wamp64\www\WEB2018-TeamDeni\batProj\vendor\laravel\lumen-framework\src\Concerns\RoutesRequests.php(260): Laravel\Lumen\Application->callActionOnArrayBasedRoute(Array)
#10 D:\wamp64\www\WEB2018-TeamDeni\batProj\vendor\laravel\lumen-framework\src\Concerns\RoutesRequests.php(160): Laravel\Lumen\Application->handleFoundRoute(Array)
#11 D:\wamp64\www\WEB2018-TeamDeni\batProj\vendor\laravel\lumen-framework\src\Concerns\RoutesRequests.php(413): Laravel\Lumen\Application->Laravel\Lumen\Concerns\{closure}()
#12 D:\wamp64\www\WEB2018-TeamDeni\batProj\vendor\laravel\lumen-framework\src\Concerns\RoutesRequests.php(166): Laravel\Lumen\Application->sendThroughPipeline(Array, Object(Closure))
#13 D:\wamp64\www\WEB2018-TeamDeni\batProj\vendor\laravel\lumen-framework\src\Concerns\RoutesRequests.php(107): Laravel\Lumen\Application->dispatch(NULL)
#14 D:\wamp64\www\WEB2018-TeamDeni\batProj\public\index.php(28): Laravel\Lumen\Application->run()
#15 {main} {"exception":"[object] (PDOException(code: 1049): SQLSTATE[HY000] [1049] Base 'bat' inconnue at D:\\wamp64\\www\\WEB2018-TeamDeni\\batProj\\app\\Http\\Controllers\\MyPDO.class.php:46)
[stacktrace]
#0 D:\\wamp64\\www\\WEB2018-TeamDeni\\batProj\\app\\Http\\Controllers\\MyPDO.class.php(46): PDO->__construct('mysql:host=loca...', 'root', '', Array)
#1 D:\\wamp64\\www\\WEB2018-TeamDeni\\batProj\\app\\Http\\Controllers\\User.class.php(42): MyPDO::getInstance()
#2 D:\\wamp64\\www\\WEB2018-TeamDeni\\batProj\outes\\web.php(19): User::createFromId('beflgn735kjpamc...')
#3 [internal function]: Closure->{closure}()
#4 D:\\wamp64\\www\\WEB2018-TeamDeni\\batProj\\vendor\\illuminate\\container\\BoundMethod.php(29): call_user_func_array(Object(Closure), Array)
#5 D:\\wamp64\\www\\WEB2018-TeamDeni\\batProj\\vendor\\illuminate\\container\\BoundMethod.php(75): Illuminate\\Container\\BoundMethod::Illuminate\\Container\\{closure}()
#6 D:\\wamp64\\www\\WEB2018-TeamDeni\\batProj\\vendor\\illuminate\\container\\BoundMethod.php(31): Illuminate\\Container\\BoundMethod::callBoundMethod(Object(Laravel\\Lumen\\Application), Object(Closure), Object(Closure))
#7 D:\\wamp64\\www\\WEB2018-TeamDeni\\batProj\\vendor\\illuminate\\container\\Container.php(564): Illuminate\\Container\\BoundMethod::call(Object(Laravel\\Lumen\\Application), Object(Closure), Array, NULL)
#8 D:\\wamp64\\www\\WEB2018-TeamDeni\\batProj\\vendor\\laravel\\lumen-framework\\src\\Concerns\\RoutesRequests.php(286): Illuminate\\Container\\Container->call(Object(Closure), Array)
#9 D:\\wamp64\\www\\WEB2018-TeamDeni\\batProj\\vendor\\laravel\\lumen-framework\\src\\Concerns\\RoutesRequests.php(260): Laravel\\Lumen\\Application->callActionOnArrayBasedRoute(Array)
#10 D:\\wamp64\\www\\WEB2018-TeamDeni\\batProj\\vendor\\laravel\\lumen-framework\\src\\Concerns\\RoutesRequests.php(160): Laravel\\Lumen\\Application->handleFoundRoute(Array)
#11 D:\\wamp64\\www\\WEB2018-TeamDeni\\batProj\\vendor\\laravel\\lumen-framework\\src\\Concerns\\RoutesRequests.php(413): Laravel\\Lumen\\Application->Laravel\\Lumen\\Concerns\\{closure}()
#12 D:\\wamp64\\www\\WEB2018-TeamDeni\\batProj\\vendor\\laravel\\lumen-framework\\src\\Concerns\\RoutesRequests.php(166): Laravel\\Lumen\\Application->sendThroughPipeline(Array, Object(Closure))
#13 D:\\wamp64\\www\\WEB2018-TeamDeni\\batProj\\vendor\\laravel\\lumen-framework\\src\\Concerns\\RoutesRequests.php(107): Laravel\\Lumen\\Application->dispatch(NULL)
#14 D:\\wamp64\\www\\WEB2018-TeamDeni\\batProj\\public\\index.php(28): Laravel\\Lumen\\Application->run()
#15 {main}
"} 
[2018-03-31 13:18:31] production.ERROR: PDOException: SQLSTATE[HY000] [1049] Base 'bat' inconnue in D:\wamp64\www\WEB2018-TeamDeni\batProj\app\Http\Controllers\MyPDO.class.php:46
Stack trace:
#0 D:\wamp64\www\WEB2018-TeamDeni\batProj\app\Http\Controllers\MyPDO.class.php(46): PDO->__construct('mysql:host=loca...', 'root', '', Array)
#1 D:\wamp64\www\WEB2018-TeamDeni\batProj\app\Http\Controllers\User.class.php(42): MyPDO::getInstance()
#2 D:\wamp64\www\WEB2018-TeamDeni\batProj\routes\web.php(19): User::createFromId('beflgn735kjpamc...')
#3 [internal function]: Closure->{closure}()
#4 D:\wamp64\www\WEB2018-TeamDeni\batProj\vendor\illuminate\container\BoundMethod.php(29): call_user_func_array(Object(Closure), Array)
#5 D:\wamp64\www\WEB2018-TeamDeni\batProj\vendor\illuminate\container\BoundMethod.php(75): Illuminate\Container\BoundMethod::Illuminate\Container\{closure}()
#6 D:\wamp64\www\WEB2018-TeamDeni\batProj\vendor\illuminate\container\BoundMethod.php(31): Illuminate\Container\BoundMethod::callBoundMethod(Object(Laravel\Lumen\Application), Object(Closure), Object(Closure))
#7 D:\wamp64\www\WEB2018-TeamDeni\batProj\vendor\illuminate\container\Container.php(564): Illuminate\Container\BoundMethod::call(Object(Laravel\Lumen\Application), Object(Closure), Array, NULL)
#8 D:\wamp64\www\WEB2018-TeamDeni\batProj\vendor\laravel\lumen-framework\src\Concerns\RoutesRequests.php(286): Illuminate\Container\Container->call(Object(Closure), Array)
#9 D:\wamp64\www\WEB2018-TeamDeni\batProj\vendor\laravel\lumen-framework\src\Concerns\RoutesRequests.php(260): Laravel\Lumen\Application->callActionOnArrayBasedRoute(Array)
#10 D:\wamp64\www\WEB2018-TeamDeni\batProj\vendor\laravel\lumen-framework\src\Concerns\RoutesRequests.php(160): Laravel\Lumen\Application->handleFoundRoute(Array)
#11 D:\wamp64\www\WEB2018-TeamDeni\batProj\vendor\laravel\lumen-framework\src\Concerns\RoutesRequests.php(413): Laravel\Lumen\Application->Laravel\Lumen\Concerns\{closure}()
#12 D:\wamp64\www\WEB2018-TeamDeni\batProj\vendor\laravel\lumen-framework\src\Concerns\RoutesRequests.php(166): Laravel\Lumen\Application->sendThroughPipeline(Array, Object(Closure))
#13 D:\wamp64\www\WEB2018-TeamDeni\batProj\vendor\laravel\lumen-framework\src\Concerns\RoutesRequests.php(107): Laravel\Lumen\Application->dispatch(NULL)
#14 D:\wamp64\www\WEB2018-TeamDeni\batProj\public\index.php(28): Laravel\Lumen\Application->run()
#15 {main} {"exception":"[object] (PDOException(code: 1049): SQLSTATE[HY000] [1049] Base 'bat' inconnue at D:\\wamp64\\www\\WEB2018-TeamDeni\\batProj\\app\\Http\\Controllers\\MyPDO.class.php:46)
[stacktrace]
#0 D:\\wamp64\\www\\WEB2018-TeamDeni\\batProj\\app\\Http\\Controllers\\MyPDO.class.php(46): PDO->__construct('mysql:host=loca...', 'root', '', Array)
#1 D:\\wamp64\\www\\WEB2018-TeamDeni\\batProj\\app\\Http\\Controllers\\User.class.php(42): MyPDO::getInstance()
#2 D:\\wamp64\\www\\WEB2018-TeamDeni\\batProj\outes\\web.php(19): User::createFromId('beflgn735kjpamc...')
#3 [internal function]: Closure->{closure}()
#4 D:\\wamp64\\www\\WEB2018-TeamDeni\\batProj\\vendor\\illuminate\\container\\BoundMethod.php(29): call_user_func_array(Object(Closure), Array)
#5 D:\\wamp64\\www\\WEB2018-TeamDeni\\batProj\\vendor\\illuminate\\container\\BoundMethod.php(75): Illuminate\\Container\\BoundMethod::Illuminate\\Container\\{closure}()
#6 D:\\wamp64\\www\\WEB2018-TeamDeni\\batProj\\vendor\\illuminate\\container\\BoundMethod.php(31): Illuminate\\Container\\BoundMethod::callBoundMethod(Object(Laravel\\Lumen\\Application), Object(Closure), Object(Closure))
#7 D:\\wamp64\\www\\WEB2018-TeamDeni\\batProj\\vendor\\illuminate\\container\\Container.php(564): Illuminate\\Container\\BoundMethod::call(Object(Laravel\\Lumen\\Application), Object(Closure), Array, NULL)
#8 D:\\wamp64\\www\\WEB2018-TeamDeni\\batProj\\vendor\\laravel\\lumen-framework\\src\\Concerns\\RoutesRequests.php(286): Illuminate\\Container\\Container->call(Object(Closure), Array)
#9 D:\\wamp64\\www\\WEB2018-TeamDeni\\batProj\\vendor\\laravel\\lumen-framework\\src\\Concerns\\RoutesRequests.php(260): Laravel\\Lumen\\Application->callActionOnArrayBasedRoute(Array)
#10 D:\\wamp64\\www\\WEB2018-TeamDeni\\batProj\\vendor\\laravel\\lumen-framework\\src\\Concerns\\RoutesRequests.php(160): Laravel\\Lumen\\Application->handleFoundRoute(Array)
#11 D:\\wamp64\\www\\WEB2018-TeamDeni\\batProj\\vendor\\laravel\\lumen-framework\\src\\Concerns\\RoutesRequests.php(413): Laravel\\Lumen\\Application->Laravel\\Lumen\\Concerns\\{closure}()
#12 D:\\wamp64\\www\\WEB2018-TeamDeni\\batProj\\vendor\\laravel\\lumen-framework\\src\\Concerns\\RoutesRequests.php(166): Laravel\\Lumen\\Application->sendThroughPipeline(Array, Object(Closure))
#13 D:\\wamp64\\www\\WEB2018-TeamDeni\\batProj\\vendor\\laravel\\lumen-framework\\src\\Concerns\\RoutesRequests.php(107): Laravel\\Lumen\\Application->dispatch(NULL)
#14 D:\\wamp64\\www\\WEB2018-TeamDeni\\batProj\\public\\index.php(28): Laravel\\Lumen\\Application->run()
#15 {main}
"} 
